<?xml version="1.0" encoding="UTF-8"?>
<testsuite xmlns:xsi="http://www.w3.org/2001/XMLSchema-instance" xsi:noNamespaceSchemaLocation="https://maven.apache.org/surefire/maven-surefire-plugin/xsd/surefire-test-report.xsd" version="3.0.2" name="nl.logius.ebms.orchestrator.soap.EbxmlMustUnderstandInterceptorTest" time="2.693" tests="4" errors="0" skipped="0" failures="0">
  <properties>
[...]
</properties>
  <testcase name="withInterceptor_realHttpPost_reachesProvider_MessageHeaderPlusAckRequested" classname="nl.logius.ebms.orchestrator.soap.EbxmlMustUnderstandInterceptorTest" time="2.592">
    <system-out><![CDATA[14:21:38.404 [main] INFO org.apache.cxf.wsdl.service.factory.ReflectionServiceFactoryBean -- Creating Service {http://test.local/}EbmsService from class nl.logius.ebms.orchestrator.soap.EbxmlMustUnderstandInterceptorTest$EchoProvider
14:21:38.969 [main] INFO org.apache.cxf.endpoint.ServerImpl -- Setting the server's publish address to be http://localhost:35513/services/ebms
14:21:39.283 [main] INFO org.eclipse.jetty.server.Server -- jetty-12.0.16; built: 2024-12-09T21:02:54.535Z; git: c3f88bafb4e393f23204dc14dc57b042e84debc7; jvm 17.0.20.1+1-1-deb12u1-Debian
14:21:39.301 [main] INFO org.eclipse.jetty.server.AbstractConnector -- Started ServerConnector@748015f8{HTTP/1.1, (http/1.1)}{localhost:35513}
14:21:39.362 [main] INFO org.eclipse.jetty.server.Server -- Started oejs.Server@59ac94ad{STARTING}[12.0.16,sto=0] @6380ms
14:21:39.466 [main] INFO org.eclipse.jetty.server.handler.ContextHandler -- Started oeje10s.ServletContextHandler@2620f935{/services,/services,b=null,a=AVAILABLE,h=oeje10s.ServletHandler@6a3cb81c{STARTED}}
14:21:39.468 [main] INFO org.eclipse.jetty.ee10.servlet.ServletContextHandler -- Started oeje10s.ServletContextHandler@2620f935{/services,/services,b=null,a=AVAILABLE,h=oeje10s.ServletHandler@6a3cb81c{STARTED}}
14:21:40.587 [main] INFO org.eclipse.jetty.ee10.servlet.ServletContextHandler -- Stopped oeje10s.ServletContextHandler@2620f935{/services,/services,b=null,a=AVAILABLE,h=oeje10s.ServletHandler@6a3cb81c{STOPPED}}
]]></system-out>
  </testcase>
  <testcase name="withoutInterceptor_realHttpPost_returnsMustUnderstandFault" classname="nl.logius.ebms.orchestrator.soap.EbxmlMustUnderstandInterceptorTest" time="0.082">
    <system-out><![CDATA[14:21:40.589 [main] INFO org.apache.cxf.wsdl.service.factory.ReflectionServiceFactoryBean -- Creating Service {http://test.local/}EbmsService from class nl.logius.ebms.orchestrator.soap.EbxmlMustUnderstandInterceptorTest$EchoProvider
14:21:40.590 [main] INFO org.apache.cxf.endpoint.ServerImpl -- Setting the server's publish address to be http://localhost:34643/services/ebms
14:21:40.591 [main] INFO org.eclipse.jetty.server.Server -- jetty-12.0.16; built: 2024-12-09T21:02:54.535Z; git: c3f88bafb4e393f23204dc14dc57b042e84debc7; jvm 17.0.20.1+1-1-deb12u1-Debian
14:21:40.592 [main] INFO org.eclipse.jetty.server.AbstractConnector -- Started ServerConnector@178826db{HTTP/1.1, (http/1.1)}{localhost:34643}
14:21:40.593 [main] INFO org.eclipse.jetty.server.Server -- Started oejs.Server@64001530{STARTING}[12.0.16,sto=0] @7611ms
14:21:40.593 [main] INFO org.eclipse.jetty.server.handler.ContextHandler -- Started oeje10s.ServletContextHandler@6cf58989{/services,/services,b=null,a=AVAILABLE,h=oeje10s.ServletHandler@3a1dc432{STARTED}}
14:21:40.593 [main] INFO org.eclipse.jetty.ee10.servlet.ServletContextHandler -- Started oeje10s.ServletContextHandler@6cf58989{/services,/services,b=null,a=AVAILABLE,h=oeje10s.ServletHandler@3a1dc432{STARTED}}
14:21:40.600 [qtp1516892655-36] WARN org.apache.cxf.phase.PhaseInterceptorChain -- Interceptor for {http://test.local/}EbmsService#{http://soap.orchestrator.ebms.logius.nl/}invoke has thrown exception, unwinding now
org.apache.cxf.binding.soap.SoapFault: MustUnderstand headers: [{http://www.oasis-open.org/committees/ebxml-msg/schema/msg-header-2_0.xsd}MessageHeader] are not understood.
	at org.apache.cxf.binding.soap.interceptor.MustUnderstandInterceptor$MustUnderstandEndingInterceptor.handleMessage(MustUnderstandInterceptor.java:282)
	at org.apache.cxf.binding.soap.interceptor.MustUnderstandInterceptor$MustUnderstandEndingInterceptor.handleMessage(MustUnderstandInterceptor.java:259)
	at org.apache.cxf.phase.PhaseInterceptorChain.doIntercept(PhaseInterceptorChain.java:307)
	at org.apache.cxf.transport.ChainInitiationObserver.onMessage(ChainInitiationObserver.java:121)
	at org.apache.cxf.transport.http.AbstractHTTPDestination.invoke(AbstractHTTPDestination.java:267)
	at org.apache.cxf.transport.http_jetty.JettyHTTPDestination.doService(JettyHTTPDestination.java:238)
	at org.apache.cxf.transport.http_jetty.JettyHTTPHandler.service(JettyHTTPHandler.java:97)
	at jakarta.servlet.http.HttpServlet.service(HttpServlet.java:658)
	at org.eclipse.jetty.ee10.servlet.ServletHolder.handle(ServletHolder.java:736)
	at org.eclipse.jetty.ee10.servlet.ServletHandler$ChainEnd.doFilter(ServletHandler.java:1619)
	at org.eclipse.jetty.ee10.servlet.ServletHandler$MappedServlet.handle(ServletHandler.java:1552)
	at org.eclipse.jetty.ee10.servlet.ServletChannel.dispatch(ServletChannel.java:819)
	at org.eclipse.jetty.ee10.servlet.ServletChannel.handle(ServletChannel.java:436)
	at org.eclipse.jetty.ee10.servlet.ServletHandler.handle(ServletHandler.java:469)
	at org.eclipse.jetty.server.handler.ContextHandler.handle(ContextHandler.java:1060)
	at org.eclipse.jetty.server.handler.ContextHandlerCollection.handle(ContextHandlerCollection.java:151)
	at org.eclipse.jetty.server.Server.handle(Server.java:182)
	at org.eclipse.jetty.server.internal.HttpChannelState$HandlerInvoker.run(HttpChannelState.java:662)
	at org.eclipse.jetty.server.internal.HttpConnection.onFillable(HttpConnection.java:418)
	at org.eclipse.jetty.io.AbstractConnection$ReadCallback.succeeded(AbstractConnection.java:322)
	at org.eclipse.jetty.io.FillInterest.fillable(FillInterest.java:99)
	at org.eclipse.jetty.io.SelectableChannelEndPoint$1.run(SelectableChannelEndPoint.java:53)
	at org.eclipse.jetty.util.thread.QueuedThreadPool.runJob(QueuedThreadPool.java:979)
	at org.eclipse.jetty.util.thread.QueuedThreadPool$Runner.doRunJob(QueuedThreadPool.java:1209)
	at org.eclipse.jetty.util.thread.QueuedThreadPool$Runner.run(QueuedThreadPool.java:1164)
	at java.base/java.lang.Thread.run(Thread.java:840)
14:21:40.671 [main] INFO org.eclipse.jetty.ee10.servlet.ServletContextHandler -- Stopped oeje10s.ServletContextHandler@6cf58989{/services,/services,b=null,a=AVAILABLE,h=oeje10s.ServletHandler@3a1dc432{STOPPED}}
]]></system-out>
  </testcase>
  <testcase name="withInterceptor_realHttpPost_reachesProvider_MessageHeaderOnly" classname="nl.logius.ebms.orchestrator.soap.EbxmlMustUnderstandInterceptorTest" time="0.012">
    <system-out><![CDATA[14:21:40.672 [main] INFO org.apache.cxf.wsdl.service.factory.ReflectionServiceFactoryBean -- Creating Service {http://test.local/}EbmsService from class nl.logius.ebms.orchestrator.soap.EbxmlMustUnderstandInterceptorTest$EchoProvider
14:21:40.674 [main] INFO org.apache.cxf.endpoint.ServerImpl -- Setting the server's publish address to be http://localhost:37209/services/ebms
14:21:40.674 [main] INFO org.eclipse.jetty.server.Server -- jetty-12.0.16; built: 2024-12-09T21:02:54.535Z; git: c3f88bafb4e393f23204dc14dc57b042e84debc7; jvm 17.0.20.1+1-1-deb12u1-Debian
14:21:40.675 [main] INFO org.eclipse.jetty.server.AbstractConnector -- Started ServerConnector@7e3e8335{HTTP/1.1, (http/1.1)}{localhost:37209}
14:21:40.676 [main] INFO org.eclipse.jetty.server.Server -- Started oejs.Server@1df6f57d{STARTING}[12.0.16,sto=0] @7694ms
14:21:40.676 [main] INFO org.eclipse.jetty.server.handler.ContextHandler -- Started oeje10s.ServletContextHandler@65e4ee59{/services,/services,b=null,a=AVAILABLE,h=oeje10s.ServletHandler@4746d52d{STARTED}}
14:21:40.676 [main] INFO org.eclipse.jetty.ee10.servlet.ServletContextHandler -- Started oeje10s.ServletContextHandler@65e4ee59{/services,/services,b=null,a=AVAILABLE,h=oeje10s.ServletHandler@4746d52d{STARTED}}
14:21:40.684 [main] INFO org.eclipse.jetty.ee10.servlet.ServletContextHandler -- Stopped oeje10s.ServletContextHandler@65e4ee59{/services,/services,b=null,a=AVAILABLE,h=oeje10s.ServletHandler@4746d52d{STOPPED}}
]]></system-out>
  </testcase>
  <testcase name="understoodHeaders_containsAllTenEbxmlBlocks" classname="nl.logius.ebms.orchestrator.soap.EbxmlMustUnderstandInterceptorTest" time="0.002"/>
</testsuite>